<?xml version='1.0' encoding='UTF-8'?>
<testsuite hostname="knoldus-Vostro-2520" name="slickApp.KnolRepoTest" tests="4" errors="0" failures="0" time="16.99">
                     <properties>
[...]
</properties>
                     <testcase classname="slickApp.KnolRepoTest" name="Test to check insert operation" time="0.027">
                                                 
                                               </testcase><testcase classname="slickApp.KnolRepoTest" name="Test to check the update operation over Knol" time="0.002">
                                                 
                                               </testcase><testcase classname="slickApp.KnolRepoTest" name="Testing to check delete operation over Knol" time="16.958">
                                                 
                                               </testcase><testcase classname="slickApp.KnolRepoTest" name="Testing to check the fetching a Knol info" time="0.003">
                                                 
                                               </testcase>
                     <system-out></system-out>
                     <system-err></system-err>
                   </testsuite>